<?xml version="1.0" encoding="UTF-8"?>
<!-- Generated by org.testng.reporters.JUnitXMLReporter -->
<testsuite hostname="LAPTOP-M2DO8JV9" ignored="0" name="chromebrowser" tests="1" failures="0" timestamp="22 Mar 2021 10:12:20 GMT" time="0.112" errors="0">
  <testcase name="@BeforeTest setup" time="0.0" classname="Practice.parallerBrowsers">
    <failure type="org.testng.TestNGException" message="
Parameter &amp;apos;browsers&amp;apos; is required by BeforeTest on method setup but has not been marked @Optional or defined
in D:\Automation\Automation Projects\PageSpeedTesting\testngbrowsers.xml">
      <![CDATA[org.testng.TestNGException: 
Parameter 'browsers' is required by BeforeTest on method setup but has not been marked @Optional or defined
in D:\Automation\Automation Projects\PageSpeedTesting\testngbrowsers.xml
at java.util.concurrent.FutureTask.run(Unknown Source)
at java.util.concurrent.ThreadPoolExecutor.runWorker(Unknown Source)
at java.util.concurrent.ThreadPoolExecutor$Worker.run(Unknown Source)
at java.lang.Thread.run(Unknown Source)
... Removed 12 stack frames]]>
    </failure>
  </testcase> <!-- @BeforeTest setup -->
  <testcase name="@AfterTest end" time="0.0" classname="Practice.parallerBrowsers">
    <skipped/>
  </testcase> <!-- @AfterTest end -->
  <testcase name="test" time="0.0" classname="Practice.parallerBrowsers">
    <skipped/>
  </testcase> <!-- test -->
</testsuite> <!-- chromebrowser -->
